{"/Users/anaidu/myws/maineffect/babel.config.js": {"path":"/Users/anaidu/myws/maineffect/babel.config.js","statementMap":{"0":{"start":{"line":1,"column":16},"end":{"line":12,"column":3}},"1":{"start":{"line":14,"column":16},"end":{"line":17,"column":1}},"2":{"start":{"line":19,"column":0},"end":{"line":19,"column":38}}},"fnMap":{},"branchMap":{},"s":{"0":9,"1":9,"2":9},"f":{},"b":{},"_coverageSchema":"1a1c01bbd47fc00a2c39e90264f33305004495a9","hash":"0a12739d39ee0c908ae618c4f3bd84bf5bb16c4e"}
,"/Users/anaidu/myws/maineffect/src/maineffect/index.js": {"path":"/Users/anaidu/myws/maineffect/src/maineffect/index.js","statementMap":{"0":{"start":{"line":9,"column":16},"end":{"line":30,"column":1}},"1":{"start":{"line":10,"column":22},"end":{"line":10,"column":105}},"2":{"start":{"line":11,"column":4},"end":{"line":11,"column":78}},"3":{"start":{"line":12,"column":4},"end":{"line":12,"column":119}},"4":{"start":{"line":14,"column":19},"end":{"line":14,"column":51}},"5":{"start":{"line":15,"column":4},"end":{"line":29,"column":5}},"6":{"start":{"line":18,"column":27},"end":{"line":18,"column":44}},"7":{"start":{"line":19,"column":24},"end":{"line":19,"column":36}},"8":{"start":{"line":21,"column":12},"end":{"line":26,"column":18}},"9":{"start":{"line":22,"column":16},"end":{"line":25,"column":17}},"10":{"start":{"line":32,"column":26},"end":{"line":32,"column":68}},"11":{"start":{"line":32,"column":33},"end":{"line":32,"column":68}},"12":{"start":{"line":34,"column":26},"end":{"line":45,"column":1}},"13":{"start":{"line":35,"column":26},"end":{"line":35,"column":30}},"14":{"start":{"line":36,"column":4},"end":{"line":43,"column":7}},"15":{"start":{"line":38,"column":12},"end":{"line":41,"column":13}},"16":{"start":{"line":39,"column":16},"end":{"line":39,"column":46}},"17":{"start":{"line":40,"column":16},"end":{"line":40,"column":22}},"18":{"start":{"line":44,"column":4},"end":{"line":44,"column":50}},"19":{"start":{"line":47,"column":22},"end":{"line":55,"column":1}},"20":{"start":{"line":47,"column":35},"end":{"line":55,"column":1}},"21":{"start":{"line":48,"column":4},"end":{"line":54,"column":6}},"22":{"start":{"line":51,"column":12},"end":{"line":51,"column":25}},"23":{"start":{"line":57,"column":22},"end":{"line":72,"column":1}},"24":{"start":{"line":58,"column":4},"end":{"line":71,"column":5}},"25":{"start":{"line":74,"column":23},"end":{"line":111,"column":1}},"26":{"start":{"line":75,"column":21},"end":{"line":77,"column":6}},"27":{"start":{"line":79,"column":4},"end":{"line":79,"column":39}},"28":{"start":{"line":80,"column":4},"end":{"line":80,"column":44}},"29":{"start":{"line":81,"column":21},"end":{"line":81,"column":33}},"30":{"start":{"line":83,"column":19},"end":{"line":99,"column":9}},"31":{"start":{"line":100,"column":4},"end":{"line":100,"column":39}},"32":{"start":{"line":103,"column":26},"end":{"line":103,"column":39}},"33":{"start":{"line":104,"column":4},"end":{"line":104,"column":36}},"34":{"start":{"line":105,"column":23},"end":{"line":105,"column":63}},"35":{"start":{"line":107,"column":4},"end":{"line":107,"column":78}},"36":{"start":{"line":110,"column":4},"end":{"line":110,"column":21}},"37":{"start":{"line":113,"column":26},"end":{"line":142,"column":1}},"38":{"start":{"line":114,"column":21},"end":{"line":116,"column":6}},"39":{"start":{"line":118,"column":4},"end":{"line":118,"column":39}},"40":{"start":{"line":119,"column":4},"end":{"line":119,"column":44}},"41":{"start":{"line":120,"column":21},"end":{"line":120,"column":33}},"42":{"start":{"line":122,"column":19},"end":{"line":134,"column":9}},"43":{"start":{"line":135,"column":26},"end":{"line":135,"column":39}},"44":{"start":{"line":136,"column":4},"end":{"line":136,"column":36}},"45":{"start":{"line":137,"column":23},"end":{"line":137,"column":63}},"46":{"start":{"line":141,"column":4},"end":{"line":141,"column":21}},"47":{"start":{"line":144,"column":21},"end":{"line":253,"column":1}},"48":{"start":{"line":145,"column":4},"end":{"line":252,"column":5}},"49":{"start":{"line":147,"column":23},"end":{"line":181,"column":20}},"50":{"start":{"line":149,"column":16},"end":{"line":179,"column":17}},"51":{"start":{"line":152,"column":20},"end":{"line":152,"column":50}},"52":{"start":{"line":153,"column":23},"end":{"line":179,"column":17}},"53":{"start":{"line":156,"column":20},"end":{"line":156,"column":49}},"54":{"start":{"line":157,"column":23},"end":{"line":179,"column":17}},"55":{"start":{"line":160,"column":20},"end":{"line":160,"column":49}},"56":{"start":{"line":161,"column":23},"end":{"line":179,"column":17}},"57":{"start":{"line":164,"column":20},"end":{"line":164,"column":49}},"58":{"start":{"line":165,"column":23},"end":{"line":179,"column":17}},"59":{"start":{"line":168,"column":20},"end":{"line":168,"column":78}},"60":{"start":{"line":169,"column":23},"end":{"line":179,"column":17}},"61":{"start":{"line":173,"column":20},"end":{"line":173,"column":28}},"62":{"start":{"line":174,"column":23},"end":{"line":179,"column":17}},"63":{"start":{"line":178,"column":20},"end":{"line":178,"column":28}},"64":{"start":{"line":180,"column":16},"end":{"line":180,"column":26}},"65":{"start":{"line":182,"column":12},"end":{"line":184,"column":13}},"66":{"start":{"line":183,"column":16},"end":{"line":183,"column":53}},"67":{"start":{"line":185,"column":25},"end":{"line":185,"column":50}},"68":{"start":{"line":187,"column":12},"end":{"line":187,"column":43}},"69":{"start":{"line":190,"column":12},"end":{"line":190,"column":29}},"70":{"start":{"line":191,"column":12},"end":{"line":191,"column":23}},"71":{"start":{"line":194,"column":12},"end":{"line":196,"column":19}},"72":{"start":{"line":199,"column":30},"end":{"line":201,"column":19}},"73":{"start":{"line":202,"column":12},"end":{"line":202,"column":29}},"74":{"start":{"line":203,"column":12},"end":{"line":203,"column":23}},"75":{"start":{"line":206,"column":12},"end":{"line":206,"column":55}},"76":{"start":{"line":207,"column":23},"end":{"line":228,"column":14}},"77":{"start":{"line":208,"column":16},"end":{"line":227,"column":17}},"78":{"start":{"line":209,"column":20},"end":{"line":226,"column":21}},"79":{"start":{"line":210,"column":24},"end":{"line":215,"column":26}},"80":{"start":{"line":216,"column":27},"end":{"line":226,"column":21}},"81":{"start":{"line":217,"column":44},"end":{"line":217,"column":119}},"82":{"start":{"line":217,"column":91},"end":{"line":217,"column":118}},"83":{"start":{"line":218,"column":24},"end":{"line":225,"column":25}},"84":{"start":{"line":219,"column":28},"end":{"line":224,"column":30}},"85":{"start":{"line":229,"column":12},"end":{"line":229,"column":39}},"86":{"start":{"line":232,"column":12},"end":{"line":234,"column":13}},"87":{"start":{"line":233,"column":16},"end":{"line":233,"column":27}},"88":{"start":{"line":235,"column":12},"end":{"line":238,"column":20}},"89":{"start":{"line":236,"column":16},"end":{"line":236,"column":52}},"90":{"start":{"line":237,"column":16},"end":{"line":237,"column":27}},"91":{"start":{"line":241,"column":12},"end":{"line":241,"column":58}},"92":{"start":{"line":244,"column":12},"end":{"line":244,"column":63}},"93":{"start":{"line":247,"column":12},"end":{"line":247,"column":61}},"94":{"start":{"line":250,"column":12},"end":{"line":250,"column":21}},"95":{"start":{"line":255,"column":23},"end":{"line":291,"column":1}},"96":{"start":{"line":261,"column":15},"end":{"line":261,"column":50}},"97":{"start":{"line":262,"column":26},"end":{"line":267,"column":6}},"98":{"start":{"line":271,"column":27},"end":{"line":271,"column":49}},"99":{"start":{"line":273,"column":19},"end":{"line":279,"column":5}},"100":{"start":{"line":281,"column":4},"end":{"line":281,"column":54}},"101":{"start":{"line":283,"column":4},"end":{"line":286,"column":5}},"102":{"start":{"line":284,"column":22},"end":{"line":284,"column":51}},"103":{"start":{"line":285,"column":8},"end":{"line":285,"column":42}},"104":{"start":{"line":290,"column":4},"end":{"line":290,"column":32}},"105":{"start":{"line":293,"column":20},"end":{"line":293,"column":27}},"106":{"start":{"line":294,"column":21},"end":{"line":294,"column":28}}},"fnMap":{"0":{"name":"(anonymous_0)","decl":{"start":{"line":9,"column":16},"end":{"line":9,"column":17}},"loc":{"start":{"line":9,"column":37},"end":{"line":30,"column":1}},"line":9},"1":{"name":"(anonymous_1)","decl":{"start":{"line":18,"column":13},"end":{"line":18,"column":14}},"loc":{"start":{"line":18,"column":27},"end":{"line":18,"column":44}},"line":18},"2":{"name":"(anonymous_2)","decl":{"start":{"line":19,"column":15},"end":{"line":19,"column":16}},"loc":{"start":{"line":19,"column":24},"end":{"line":19,"column":36}},"line":19},"3":{"name":"(anonymous_3)","decl":{"start":{"line":20,"column":17},"end":{"line":20,"column":18}},"loc":{"start":{"line":20,"column":23},"end":{"line":28,"column":9}},"line":20},"4":{"name":"(anonymous_4)","decl":{"start":{"line":21,"column":46},"end":{"line":21,"column":47}},"loc":{"start":{"line":21,"column":61},"end":{"line":26,"column":13}},"line":21},"5":{"name":"(anonymous_5)","decl":{"start":{"line":32,"column":26},"end":{"line":32,"column":27}},"loc":{"start":{"line":32,"column":33},"end":{"line":32,"column":68}},"line":32},"6":{"name":"(anonymous_6)","decl":{"start":{"line":34,"column":26},"end":{"line":34,"column":27}},"loc":{"start":{"line":34,"column":36},"end":{"line":45,"column":1}},"line":34},"7":{"name":"(anonymous_7)","decl":{"start":{"line":37,"column":8},"end":{"line":37,"column":9}},"loc":{"start":{"line":37,"column":34},"end":{"line":42,"column":9}},"line":37},"8":{"name":"(anonymous_8)","decl":{"start":{"line":47,"column":22},"end":{"line":47,"column":23}},"loc":{"start":{"line":47,"column":35},"end":{"line":55,"column":1}},"line":47},"9":{"name":"(anonymous_9)","decl":{"start":{"line":47,"column":35},"end":{"line":47,"column":36}},"loc":{"start":{"line":47,"column":41},"end":{"line":55,"column":1}},"line":47},"10":{"name":"(anonymous_10)","decl":{"start":{"line":50,"column":8},"end":{"line":50,"column":9}},"loc":{"start":{"line":50,"column":39},"end":{"line":52,"column":9}},"line":50},"11":{"name":"(anonymous_11)","decl":{"start":{"line":57,"column":22},"end":{"line":57,"column":23}},"loc":{"start":{"line":57,"column":32},"end":{"line":72,"column":1}},"line":57},"12":{"name":"(anonymous_12)","decl":{"start":{"line":74,"column":23},"end":{"line":74,"column":24}},"loc":{"start":{"line":74,"column":63},"end":{"line":111,"column":1}},"line":74},"13":{"name":"(anonymous_13)","decl":{"start":{"line":113,"column":26},"end":{"line":113,"column":27}},"loc":{"start":{"line":113,"column":66},"end":{"line":142,"column":1}},"line":113},"14":{"name":"(anonymous_14)","decl":{"start":{"line":144,"column":21},"end":{"line":144,"column":22}},"loc":{"start":{"line":144,"column":34},"end":{"line":253,"column":1}},"line":144},"15":{"name":"(anonymous_15)","decl":{"start":{"line":146,"column":14},"end":{"line":146,"column":15}},"loc":{"start":{"line":146,"column":23},"end":{"line":188,"column":9}},"line":146},"16":{"name":"(anonymous_16)","decl":{"start":{"line":147,"column":44},"end":{"line":147,"column":45}},"loc":{"start":{"line":147,"column":62},"end":{"line":181,"column":13}},"line":147},"17":{"name":"(anonymous_17)","decl":{"start":{"line":189,"column":17},"end":{"line":189,"column":18}},"loc":{"start":{"line":189,"column":38},"end":{"line":192,"column":9}},"line":189},"18":{"name":"(anonymous_18)","decl":{"start":{"line":193,"column":16},"end":{"line":193,"column":17}},"loc":{"start":{"line":193,"column":22},"end":{"line":197,"column":9}},"line":193},"19":{"name":"(anonymous_19)","decl":{"start":{"line":198,"column":15},"end":{"line":198,"column":16}},"loc":{"start":{"line":198,"column":47},"end":{"line":204,"column":9}},"line":198},"20":{"name":"(anonymous_20)","decl":{"start":{"line":205,"column":14},"end":{"line":205,"column":15}},"loc":{"start":{"line":205,"column":36},"end":{"line":230,"column":9}},"line":205},"21":{"name":"(anonymous_21)","decl":{"start":{"line":207,"column":41},"end":{"line":207,"column":42}},"loc":{"start":{"line":207,"column":54},"end":{"line":228,"column":13}},"line":207},"22":{"name":"(anonymous_22)","decl":{"start":{"line":217,"column":86},"end":{"line":217,"column":87}},"loc":{"start":{"line":217,"column":91},"end":{"line":217,"column":118}},"line":217},"23":{"name":"(anonymous_23)","decl":{"start":{"line":231,"column":24},"end":{"line":231,"column":25}},"loc":{"start":{"line":231,"column":42},"end":{"line":239,"column":9}},"line":231},"24":{"name":"(anonymous_24)","decl":{"start":{"line":235,"column":46},"end":{"line":235,"column":47}},"loc":{"start":{"line":235,"column":62},"end":{"line":238,"column":13}},"line":235},"25":{"name":"(anonymous_25)","decl":{"start":{"line":240,"column":8},"end":{"line":240,"column":9}},"loc":{"start":{"line":240,"column":27},"end":{"line":242,"column":9}},"line":240},"26":{"name":"(anonymous_26)","decl":{"start":{"line":243,"column":8},"end":{"line":243,"column":9}},"loc":{"start":{"line":243,"column":35},"end":{"line":245,"column":9}},"line":243},"27":{"name":"(anonymous_27)","decl":{"start":{"line":246,"column":8},"end":{"line":246,"column":9}},"loc":{"start":{"line":246,"column":24},"end":{"line":248,"column":9}},"line":246},"28":{"name":"(anonymous_28)","decl":{"start":{"line":249,"column":8},"end":{"line":249,"column":9}},"loc":{"start":{"line":249,"column":22},"end":{"line":251,"column":9}},"line":249},"29":{"name":"(anonymous_29)","decl":{"start":{"line":255,"column":23},"end":{"line":255,"column":24}},"loc":{"start":{"line":255,"column":76},"end":{"line":291,"column":1}},"line":255}},"branchMap":{"0":{"loc":{"start":{"line":11,"column":28},"end":{"line":11,"column":78}},"type":"cond-expr","locations":[{"start":{"line":11,"column":52},"end":{"line":11,"column":73}},{"start":{"line":11,"column":76},"end":{"line":11,"column":78}}],"line":11},"1":{"loc":{"start":{"line":12,"column":39},"end":{"line":12,"column":119}},"type":"cond-expr","locations":[{"start":{"line":12,"column":74},"end":{"line":12,"column":106}},{"start":{"line":12,"column":109},"end":{"line":12,"column":119}}],"line":12},"2":{"loc":{"start":{"line":38,"column":12},"end":{"line":41,"column":13}},"type":"if","locations":[{"start":{"line":38,"column":12},"end":{"line":41,"column":13}},{"start":{},"end":{}}],"line":38},"3":{"loc":{"start":{"line":44,"column":11},"end":{"line":44,"column":50}},"type":"binary-expr","locations":[{"start":{"line":44,"column":11},"end":{"line":44,"column":26}},{"start":{"line":44,"column":30},"end":{"line":44,"column":50}}],"line":44},"4":{"loc":{"start":{"line":74,"column":24},"end":{"line":74,"column":40}},"type":"default-arg","locations":[{"start":{"line":74,"column":36},"end":{"line":74,"column":40}}],"line":74},"5":{"loc":{"start":{"line":113,"column":27},"end":{"line":113,"column":43}},"type":"default-arg","locations":[{"start":{"line":113,"column":39},"end":{"line":113,"column":43}}],"line":113},"6":{"loc":{"start":{"line":149,"column":16},"end":{"line":179,"column":17}},"type":"if","locations":[{"start":{"line":149,"column":16},"end":{"line":179,"column":17}},{"start":{"line":153,"column":23},"end":{"line":179,"column":17}}],"line":149},"7":{"loc":{"start":{"line":149,"column":20},"end":{"line":151,"column":45}},"type":"binary-expr","locations":[{"start":{"line":149,"column":20},"end":{"line":149,"column":21}},{"start":{"line":150,"column":20},"end":{"line":150,"column":51}},{"start":{"line":151,"column":20},"end":{"line":151,"column":24}},{"start":{"line":151,"column":28},"end":{"line":151,"column":45}}],"line":149},"8":{"loc":{"start":{"line":153,"column":23},"end":{"line":179,"column":17}},"type":"if","locations":[{"start":{"line":153,"column":23},"end":{"line":179,"column":17}},{"start":{"line":157,"column":23},"end":{"line":179,"column":17}}],"line":153},"9":{"loc":{"start":{"line":153,"column":27},"end":{"line":155,"column":47}},"type":"binary-expr","locations":[{"start":{"line":153,"column":27},"end":{"line":153,"column":28}},{"start":{"line":154,"column":20},"end":{"line":154,"column":41}},{"start":{"line":155,"column":20},"end":{"line":155,"column":25}},{"start":{"line":155,"column":29},"end":{"line":155,"column":47}}],"line":153},"10":{"loc":{"start":{"line":157,"column":23},"end":{"line":179,"column":17}},"type":"if","locations":[{"start":{"line":157,"column":23},"end":{"line":179,"column":17}},{"start":{"line":161,"column":23},"end":{"line":179,"column":17}}],"line":157},"11":{"loc":{"start":{"line":157,"column":27},"end":{"line":159,"column":47}},"type":"binary-expr","locations":[{"start":{"line":157,"column":27},"end":{"line":157,"column":28}},{"start":{"line":158,"column":20},"end":{"line":158,"column":47}},{"start":{"line":159,"column":20},"end":{"line":159,"column":25}},{"start":{"line":159,"column":29},"end":{"line":159,"column":47}}],"line":157},"12":{"loc":{"start":{"line":161,"column":23},"end":{"line":179,"column":17}},"type":"if","locations":[{"start":{"line":161,"column":23},"end":{"line":179,"column":17}},{"start":{"line":165,"column":23},"end":{"line":179,"column":17}}],"line":161},"13":{"loc":{"start":{"line":161,"column":27},"end":{"line":163,"column":47}},"type":"binary-expr","locations":[{"start":{"line":161,"column":27},"end":{"line":161,"column":28}},{"start":{"line":162,"column":20},"end":{"line":162,"column":49}},{"start":{"line":163,"column":20},"end":{"line":163,"column":25}},{"start":{"line":163,"column":29},"end":{"line":163,"column":47}}],"line":161},"14":{"loc":{"start":{"line":165,"column":23},"end":{"line":179,"column":17}},"type":"if","locations":[{"start":{"line":165,"column":23},"end":{"line":179,"column":17}},{"start":{"line":169,"column":23},"end":{"line":179,"column":17}}],"line":165},"15":{"loc":{"start":{"line":165,"column":27},"end":{"line":167,"column":47}},"type":"binary-expr","locations":[{"start":{"line":165,"column":27},"end":{"line":165,"column":28}},{"start":{"line":166,"column":20},"end":{"line":166,"column":44}},{"start":{"line":167,"column":20},"end":{"line":167,"column":25}},{"start":{"line":167,"column":29},"end":{"line":167,"column":47}}],"line":165},"16":{"loc":{"start":{"line":169,"column":23},"end":{"line":179,"column":17}},"type":"if","locations":[{"start":{"line":169,"column":23},"end":{"line":179,"column":17}},{"start":{"line":174,"column":23},"end":{"line":179,"column":17}}],"line":169},"17":{"loc":{"start":{"line":169,"column":27},"end":{"line":172,"column":37}},"type":"binary-expr","locations":[{"start":{"line":169,"column":27},"end":{"line":169,"column":28}},{"start":{"line":170,"column":20},"end":{"line":170,"column":49}},{"start":{"line":171,"column":20},"end":{"line":171,"column":24}},{"start":{"line":171,"column":28},"end":{"line":171,"column":54}},{"start":{"line":172,"column":20},"end":{"line":172,"column":37}}],"line":169},"18":{"loc":{"start":{"line":174,"column":23},"end":{"line":179,"column":17}},"type":"if","locations":[{"start":{"line":174,"column":23},"end":{"line":179,"column":17}},{"start":{},"end":{}}],"line":174},"19":{"loc":{"start":{"line":174,"column":27},"end":{"line":177,"column":37}},"type":"binary-expr","locations":[{"start":{"line":174,"column":27},"end":{"line":174,"column":28}},{"start":{"line":175,"column":20},"end":{"line":175,"column":52}},{"start":{"line":176,"column":20},"end":{"line":176,"column":24}},{"start":{"line":176,"column":28},"end":{"line":176,"column":54}},{"start":{"line":177,"column":20},"end":{"line":177,"column":37}}],"line":174},"20":{"loc":{"start":{"line":182,"column":12},"end":{"line":184,"column":13}},"type":"if","locations":[{"start":{"line":182,"column":12},"end":{"line":184,"column":13}},{"start":{},"end":{}}],"line":182},"21":{"loc":{"start":{"line":198,"column":25},"end":{"line":198,"column":45}},"type":"default-arg","locations":[{"start":{"line":198,"column":34},"end":{"line":198,"column":45}}],"line":198},"22":{"loc":{"start":{"line":208,"column":16},"end":{"line":227,"column":17}},"type":"if","locations":[{"start":{"line":208,"column":16},"end":{"line":227,"column":17}},{"start":{},"end":{}}],"line":208},"23":{"loc":{"start":{"line":208,"column":20},"end":{"line":208,"column":56}},"type":"binary-expr","locations":[{"start":{"line":208,"column":20},"end":{"line":208,"column":21}},{"start":{"line":208,"column":25},"end":{"line":208,"column":56}}],"line":208},"24":{"loc":{"start":{"line":209,"column":20},"end":{"line":226,"column":21}},"type":"if","locations":[{"start":{"line":209,"column":20},"end":{"line":226,"column":21}},{"start":{"line":216,"column":27},"end":{"line":226,"column":21}}],"line":209},"25":{"loc":{"start":{"line":209,"column":24},"end":{"line":209,"column":49}},"type":"binary-expr","locations":[{"start":{"line":209,"column":24},"end":{"line":209,"column":28}},{"start":{"line":209,"column":32},"end":{"line":209,"column":49}}],"line":209},"26":{"loc":{"start":{"line":216,"column":27},"end":{"line":226,"column":21}},"type":"if","locations":[{"start":{"line":216,"column":27},"end":{"line":226,"column":21}},{"start":{},"end":{}}],"line":216},"27":{"loc":{"start":{"line":216,"column":31},"end":{"line":216,"column":68}},"type":"binary-expr","locations":[{"start":{"line":216,"column":31},"end":{"line":216,"column":35}},{"start":{"line":216,"column":39},"end":{"line":216,"column":68}}],"line":216},"28":{"loc":{"start":{"line":217,"column":44},"end":{"line":217,"column":119}},"type":"binary-expr","locations":[{"start":{"line":217,"column":44},"end":{"line":217,"column":59}},{"start":{"line":217,"column":63},"end":{"line":217,"column":119}}],"line":217},"29":{"loc":{"start":{"line":217,"column":91},"end":{"line":217,"column":118}},"type":"binary-expr","locations":[{"start":{"line":217,"column":91},"end":{"line":217,"column":96}},{"start":{"line":217,"column":100},"end":{"line":217,"column":118}}],"line":217},"30":{"loc":{"start":{"line":218,"column":24},"end":{"line":225,"column":25}},"type":"if","locations":[{"start":{"line":218,"column":24},"end":{"line":225,"column":25}},{"start":{},"end":{}}],"line":218},"31":{"loc":{"start":{"line":232,"column":12},"end":{"line":234,"column":13}},"type":"if","locations":[{"start":{"line":232,"column":12},"end":{"line":234,"column":13}},{"start":{},"end":{}}],"line":232},"32":{"loc":{"start":{"line":255,"column":35},"end":{"line":255,"column":71}},"type":"default-arg","locations":[{"start":{"line":255,"column":45},"end":{"line":255,"column":71}}],"line":255},"33":{"loc":{"start":{"line":283,"column":4},"end":{"line":286,"column":5}},"type":"if","locations":[{"start":{"line":283,"column":4},"end":{"line":286,"column":5}},{"start":{},"end":{}}],"line":283}},"s":{"0":9,"1":9,"2":9,"3":9,"4":9,"5":9,"6":41,"7":0,"8":26,"9":95,"10":9,"11":2,"12":9,"13":9,"14":9,"15":0,"16":0,"17":0,"18":9,"19":9,"20":9,"21":9,"22":16,"23":9,"24":17,"25":9,"26":15,"27":15,"28":15,"29":15,"30":15,"31":15,"32":15,"33":15,"34":15,"35":15,"36":15,"37":9,"38":2,"39":2,"40":2,"41":2,"42":2,"43":2,"44":2,"45":2,"46":2,"47":9,"48":28,"49":18,"50":32837,"51":13,"52":32824,"53":0,"54":32824,"55":2,"56":32822,"57":0,"58":32822,"59":2,"60":32820,"61":1,"62":32819,"63":0,"64":32819,"65":18,"66":0,"67":18,"68":18,"69":6,"70":6,"71":0,"72":0,"73":0,"74":0,"75":1,"76":1,"77":218,"78":2,"79":1,"80":1,"81":0,"82":0,"83":0,"84":0,"85":1,"86":0,"87":0,"88":0,"89":0,"90":0,"91":12,"92":3,"93":2,"94":0,"95":9,"96":9,"97":9,"98":9,"99":9,"100":9,"101":9,"102":0,"103":0,"104":9,"105":9,"106":9},"f":{"0":9,"1":41,"2":0,"3":26,"4":95,"5":2,"6":9,"7":0,"8":9,"9":9,"10":16,"11":17,"12":15,"13":2,"14":28,"15":18,"16":32837,"17":6,"18":0,"19":0,"20":1,"21":218,"22":0,"23":0,"24":0,"25":12,"26":3,"27":2,"28":0,"29":9},"b":{"0":[0,9],"1":[0,9],"2":[0,0],"3":[9,0],"4":[0],"5":[0],"6":[13,32824],"7":[32837,24224,79,79],"8":[0,32824],"9":[32824,24211,0,0],"10":[2,32822],"11":[32824,24211,156,156],"12":[0,32822],"13":[32822,24209,0,0],"14":[2,32820],"15":[32822,24209,9,9],"16":[1,32819],"17":[32820,24207,3,3,3],"18":[0,32819],"19":[32819,24206,0,0,0],"20":[0,18],"21":[0],"22":[2,216],"23":[218,162],"24":[1,1],"25":[2,2],"26":[0,1],"27":[1,1],"28":[0,0],"29":[0,0],"30":[0,0],"31":[0,0],"32":[5],"33":[0,9]},"_coverageSchema":"1a1c01bbd47fc00a2c39e90264f33305004495a9","hash":"997d3b1eb73b895764aa90cc945015a21591e688"}
}
