{"/Users/arnaidu/myws/maineffect/src/maineffect/index.js": {"path":"/Users/arnaidu/myws/maineffect/src/maineffect/index.js","statementMap":{"0":{"start":{"line":18,"column":26},"end":{"line":18,"column":68}},"1":{"start":{"line":18,"column":33},"end":{"line":18,"column":68}},"2":{"start":{"line":20,"column":27},"end":{"line":28,"column":1}},"3":{"start":{"line":21,"column":26},"end":{"line":21,"column":30}},"4":{"start":{"line":22,"column":4},"end":{"line":26,"column":6}},"5":{"start":{"line":23,"column":8},"end":{"line":25,"column":9}},"6":{"start":{"line":24,"column":12},"end":{"line":24,"column":31}},"7":{"start":{"line":27,"column":4},"end":{"line":27,"column":26}},"8":{"start":{"line":38,"column":22},"end":{"line":53,"column":1}},"9":{"start":{"line":39,"column":4},"end":{"line":52,"column":5}},"10":{"start":{"line":55,"column":23},"end":{"line":84,"column":1}},"11":{"start":{"line":56,"column":4},"end":{"line":56,"column":41}},"12":{"start":{"line":57,"column":4},"end":{"line":57,"column":46}},"13":{"start":{"line":58,"column":19},"end":{"line":72,"column":9}},"14":{"start":{"line":74,"column":23},"end":{"line":74,"column":60}},"15":{"start":{"line":83,"column":4},"end":{"line":83,"column":21}},"16":{"start":{"line":86,"column":21},"end":{"line":178,"column":1}},"17":{"start":{"line":87,"column":23},"end":{"line":87,"column":63}},"18":{"start":{"line":90,"column":4},"end":{"line":177,"column":5}},"19":{"start":{"line":92,"column":23},"end":{"line":103,"column":20}},"20":{"start":{"line":93,"column":16},"end":{"line":101,"column":17}},"21":{"start":{"line":96,"column":20},"end":{"line":96,"column":50}},"22":{"start":{"line":97,"column":23},"end":{"line":101,"column":17}},"23":{"start":{"line":100,"column":24},"end":{"line":100,"column":53}},"24":{"start":{"line":102,"column":16},"end":{"line":102,"column":26}},"25":{"start":{"line":104,"column":12},"end":{"line":106,"column":13}},"26":{"start":{"line":105,"column":16},"end":{"line":105,"column":53}},"27":{"start":{"line":107,"column":26},"end":{"line":107,"column":48}},"28":{"start":{"line":108,"column":12},"end":{"line":108,"column":47}},"29":{"start":{"line":111,"column":12},"end":{"line":111,"column":31}},"30":{"start":{"line":112,"column":12},"end":{"line":112,"column":23}},"31":{"start":{"line":115,"column":12},"end":{"line":115,"column":28}},"32":{"start":{"line":118,"column":12},"end":{"line":118,"column":29}},"33":{"start":{"line":119,"column":12},"end":{"line":119,"column":23}},"34":{"start":{"line":122,"column":12},"end":{"line":122,"column":57}},"35":{"start":{"line":123,"column":23},"end":{"line":142,"column":14}},"36":{"start":{"line":124,"column":16},"end":{"line":141,"column":17}},"37":{"start":{"line":125,"column":20},"end":{"line":140,"column":21}},"38":{"start":{"line":126,"column":24},"end":{"line":130,"column":26}},"39":{"start":{"line":131,"column":27},"end":{"line":140,"column":21}},"40":{"start":{"line":132,"column":44},"end":{"line":132,"column":119}},"41":{"start":{"line":132,"column":91},"end":{"line":132,"column":118}},"42":{"start":{"line":133,"column":24},"end":{"line":139,"column":25}},"43":{"start":{"line":134,"column":28},"end":{"line":138,"column":30}},"44":{"start":{"line":143,"column":26},"end":{"line":143,"column":48}},"45":{"start":{"line":144,"column":12},"end":{"line":144,"column":47}},"46":{"start":{"line":147,"column":12},"end":{"line":149,"column":13}},"47":{"start":{"line":148,"column":16},"end":{"line":148,"column":27}},"48":{"start":{"line":150,"column":12},"end":{"line":153,"column":20}},"49":{"start":{"line":151,"column":15},"end":{"line":151,"column":51}},"50":{"start":{"line":152,"column":15},"end":{"line":152,"column":26}},"51":{"start":{"line":156,"column":23},"end":{"line":167,"column":14}},"52":{"start":{"line":157,"column":16},"end":{"line":166,"column":17}},"53":{"start":{"line":159,"column":48},"end":{"line":159,"column":76}},"54":{"start":{"line":160,"column":20},"end":{"line":165,"column":21}},"55":{"start":{"line":161,"column":24},"end":{"line":164,"column":26}},"56":{"start":{"line":168,"column":26},"end":{"line":168,"column":48}},"57":{"start":{"line":169,"column":12},"end":{"line":169,"column":47}},"58":{"start":{"line":172,"column":12},"end":{"line":172,"column":68}},"59":{"start":{"line":175,"column":12},"end":{"line":175,"column":73}},"60":{"start":{"line":180,"column":35},"end":{"line":217,"column":1}},"61":{"start":{"line":181,"column":23},"end":{"line":181,"column":58}},"62":{"start":{"line":182,"column":15},"end":{"line":214,"column":12}},"63":{"start":{"line":183,"column":8},"end":{"line":193,"column":9}},"64":{"start":{"line":189,"column":16},"end":{"line":192,"column":17}},"65":{"start":{"line":194,"column":8},"end":{"line":200,"column":9}},"66":{"start":{"line":196,"column":16},"end":{"line":199,"column":17}},"67":{"start":{"line":201,"column":8},"end":{"line":207,"column":9}},"68":{"start":{"line":203,"column":16},"end":{"line":206,"column":17}},"69":{"start":{"line":208,"column":8},"end":{"line":211,"column":9}},"70":{"start":{"line":210,"column":12},"end":{"line":210,"column":32}},"71":{"start":{"line":213,"column":8},"end":{"line":213,"column":16}},"72":{"start":{"line":216,"column":4},"end":{"line":216,"column":33}},"73":{"start":{"line":219,"column":23},"end":{"line":222,"column":1}},"74":{"start":{"line":224,"column":23},"end":{"line":262,"column":1}},"75":{"start":{"line":225,"column":25},"end":{"line":225,"column":83}},"76":{"start":{"line":243,"column":4},"end":{"line":249,"column":5}},"77":{"start":{"line":244,"column":8},"end":{"line":244,"column":34}},"78":{"start":{"line":246,"column":26},"end":{"line":246,"column":81}},"79":{"start":{"line":247,"column":19},"end":{"line":247,"column":32}},"80":{"start":{"line":248,"column":8},"end":{"line":248,"column":49}},"81":{"start":{"line":251,"column":4},"end":{"line":254,"column":5}},"82":{"start":{"line":252,"column":34},"end":{"line":252,"column":46}},"83":{"start":{"line":253,"column":8},"end":{"line":253,"column":104}},"84":{"start":{"line":256,"column":15},"end":{"line":256,"column":54}},"85":{"start":{"line":261,"column":4},"end":{"line":261,"column":33}},"86":{"start":{"line":264,"column":24},"end":{"line":266,"column":1}},"87":{"start":{"line":265,"column":4},"end":{"line":265,"column":29}},"88":{"start":{"line":268,"column":20},"end":{"line":268,"column":27}}},"fnMap":{"0":{"name":"(anonymous_0)","decl":{"start":{"line":18,"column":26},"end":{"line":18,"column":27}},"loc":{"start":{"line":18,"column":33},"end":{"line":18,"column":68}},"line":18},"1":{"name":"(anonymous_1)","decl":{"start":{"line":20,"column":27},"end":{"line":20,"column":28}},"loc":{"start":{"line":20,"column":37},"end":{"line":28,"column":1}},"line":20},"2":{"name":"(anonymous_2)","decl":{"start":{"line":22,"column":27},"end":{"line":22,"column":28}},"loc":{"start":{"line":22,"column":34},"end":{"line":26,"column":5}},"line":22},"3":{"name":"(anonymous_3)","decl":{"start":{"line":38,"column":22},"end":{"line":38,"column":23}},"loc":{"start":{"line":38,"column":32},"end":{"line":53,"column":1}},"line":38},"4":{"name":"(anonymous_4)","decl":{"start":{"line":55,"column":23},"end":{"line":55,"column":24}},"loc":{"start":{"line":55,"column":74},"end":{"line":84,"column":1}},"line":55},"5":{"name":"(anonymous_5)","decl":{"start":{"line":86,"column":21},"end":{"line":86,"column":22}},"loc":{"start":{"line":86,"column":45},"end":{"line":178,"column":1}},"line":86},"6":{"name":"(anonymous_6)","decl":{"start":{"line":91,"column":14},"end":{"line":91,"column":15}},"loc":{"start":{"line":91,"column":23},"end":{"line":109,"column":9}},"line":91},"7":{"name":"(anonymous_7)","decl":{"start":{"line":92,"column":51},"end":{"line":92,"column":52}},"loc":{"start":{"line":92,"column":69},"end":{"line":103,"column":13}},"line":92},"8":{"name":"(anonymous_8)","decl":{"start":{"line":110,"column":17},"end":{"line":110,"column":18}},"loc":{"start":{"line":110,"column":38},"end":{"line":113,"column":9}},"line":110},"9":{"name":"(anonymous_9)","decl":{"start":{"line":114,"column":16},"end":{"line":114,"column":17}},"loc":{"start":{"line":114,"column":22},"end":{"line":116,"column":9}},"line":114},"10":{"name":"(anonymous_10)","decl":{"start":{"line":117,"column":15},"end":{"line":117,"column":16}},"loc":{"start":{"line":117,"column":47},"end":{"line":120,"column":9}},"line":117},"11":{"name":"(anonymous_11)","decl":{"start":{"line":121,"column":14},"end":{"line":121,"column":15}},"loc":{"start":{"line":121,"column":36},"end":{"line":145,"column":9}},"line":121},"12":{"name":"(anonymous_12)","decl":{"start":{"line":123,"column":48},"end":{"line":123,"column":49}},"loc":{"start":{"line":123,"column":61},"end":{"line":142,"column":13}},"line":123},"13":{"name":"(anonymous_13)","decl":{"start":{"line":132,"column":86},"end":{"line":132,"column":87}},"loc":{"start":{"line":132,"column":91},"end":{"line":132,"column":118}},"line":132},"14":{"name":"(anonymous_14)","decl":{"start":{"line":146,"column":24},"end":{"line":146,"column":25}},"loc":{"start":{"line":146,"column":42},"end":{"line":154,"column":9}},"line":146},"15":{"name":"(anonymous_15)","decl":{"start":{"line":150,"column":46},"end":{"line":150,"column":47}},"loc":{"start":{"line":150,"column":62},"end":{"line":153,"column":13}},"line":150},"16":{"name":"(anonymous_16)","decl":{"start":{"line":155,"column":17},"end":{"line":155,"column":18}},"loc":{"start":{"line":155,"column":26},"end":{"line":170,"column":9}},"line":155},"17":{"name":"(anonymous_17)","decl":{"start":{"line":156,"column":48},"end":{"line":156,"column":49}},"loc":{"start":{"line":156,"column":61},"end":{"line":167,"column":13}},"line":156},"18":{"name":"(anonymous_18)","decl":{"start":{"line":171,"column":18},"end":{"line":171,"column":19}},"loc":{"start":{"line":171,"column":31},"end":{"line":173,"column":9}},"line":171},"19":{"name":"(anonymous_19)","decl":{"start":{"line":174,"column":15},"end":{"line":174,"column":16}},"loc":{"start":{"line":174,"column":39},"end":{"line":176,"column":9}},"line":174},"20":{"name":"(anonymous_20)","decl":{"start":{"line":180,"column":35},"end":{"line":180,"column":36}},"loc":{"start":{"line":180,"column":55},"end":{"line":217,"column":1}},"line":180},"21":{"name":"(anonymous_21)","decl":{"start":{"line":182,"column":40},"end":{"line":182,"column":41}},"loc":{"start":{"line":182,"column":53},"end":{"line":214,"column":5}},"line":182},"22":{"name":"(anonymous_22)","decl":{"start":{"line":224,"column":23},"end":{"line":224,"column":24}},"loc":{"start":{"line":224,"column":46},"end":{"line":262,"column":1}},"line":224},"23":{"name":"(anonymous_23)","decl":{"start":{"line":264,"column":24},"end":{"line":264,"column":25}},"loc":{"start":{"line":264,"column":34},"end":{"line":266,"column":1}},"line":264}},"branchMap":{"0":{"loc":{"start":{"line":23,"column":8},"end":{"line":25,"column":9}},"type":"if","locations":[{"start":{"line":23,"column":8},"end":{"line":25,"column":9}},{"start":{"line":23,"column":8},"end":{"line":25,"column":9}}],"line":23},"1":{"loc":{"start":{"line":23,"column":12},"end":{"line":23,"column":55}},"type":"binary-expr","locations":[{"start":{"line":23,"column":12},"end":{"line":23,"column":28}},{"start":{"line":23,"column":32},"end":{"line":23,"column":55}}],"line":23},"2":{"loc":{"start":{"line":55,"column":24},"end":{"line":55,"column":40}},"type":"default-arg","locations":[{"start":{"line":55,"column":36},"end":{"line":55,"column":40}}],"line":55},"3":{"loc":{"start":{"line":93,"column":16},"end":{"line":101,"column":17}},"type":"if","locations":[{"start":{"line":93,"column":16},"end":{"line":101,"column":17}},{"start":{"line":93,"column":16},"end":{"line":101,"column":17}}],"line":93},"4":{"loc":{"start":{"line":93,"column":20},"end":{"line":95,"column":45}},"type":"binary-expr","locations":[{"start":{"line":93,"column":20},"end":{"line":93,"column":21}},{"start":{"line":94,"column":20},"end":{"line":94,"column":51}},{"start":{"line":95,"column":20},"end":{"line":95,"column":24}},{"start":{"line":95,"column":28},"end":{"line":95,"column":45}}],"line":93},"5":{"loc":{"start":{"line":97,"column":23},"end":{"line":101,"column":17}},"type":"if","locations":[{"start":{"line":97,"column":23},"end":{"line":101,"column":17}},{"start":{"line":97,"column":23},"end":{"line":101,"column":17}}],"line":97},"6":{"loc":{"start":{"line":97,"column":27},"end":{"line":99,"column":47}},"type":"binary-expr","locations":[{"start":{"line":97,"column":27},"end":{"line":97,"column":28}},{"start":{"line":98,"column":20},"end":{"line":98,"column":41}},{"start":{"line":99,"column":20},"end":{"line":99,"column":25}},{"start":{"line":99,"column":29},"end":{"line":99,"column":47}}],"line":97},"7":{"loc":{"start":{"line":104,"column":12},"end":{"line":106,"column":13}},"type":"if","locations":[{"start":{"line":104,"column":12},"end":{"line":106,"column":13}},{"start":{"line":104,"column":12},"end":{"line":106,"column":13}}],"line":104},"8":{"loc":{"start":{"line":117,"column":25},"end":{"line":117,"column":45}},"type":"default-arg","locations":[{"start":{"line":117,"column":34},"end":{"line":117,"column":45}}],"line":117},"9":{"loc":{"start":{"line":124,"column":16},"end":{"line":141,"column":17}},"type":"if","locations":[{"start":{"line":124,"column":16},"end":{"line":141,"column":17}},{"start":{"line":124,"column":16},"end":{"line":141,"column":17}}],"line":124},"10":{"loc":{"start":{"line":124,"column":20},"end":{"line":124,"column":56}},"type":"binary-expr","locations":[{"start":{"line":124,"column":20},"end":{"line":124,"column":21}},{"start":{"line":124,"column":25},"end":{"line":124,"column":56}}],"line":124},"11":{"loc":{"start":{"line":125,"column":20},"end":{"line":140,"column":21}},"type":"if","locations":[{"start":{"line":125,"column":20},"end":{"line":140,"column":21}},{"start":{"line":125,"column":20},"end":{"line":140,"column":21}}],"line":125},"12":{"loc":{"start":{"line":125,"column":24},"end":{"line":125,"column":49}},"type":"binary-expr","locations":[{"start":{"line":125,"column":24},"end":{"line":125,"column":28}},{"start":{"line":125,"column":32},"end":{"line":125,"column":49}}],"line":125},"13":{"loc":{"start":{"line":131,"column":27},"end":{"line":140,"column":21}},"type":"if","locations":[{"start":{"line":131,"column":27},"end":{"line":140,"column":21}},{"start":{"line":131,"column":27},"end":{"line":140,"column":21}}],"line":131},"14":{"loc":{"start":{"line":131,"column":31},"end":{"line":131,"column":68}},"type":"binary-expr","locations":[{"start":{"line":131,"column":31},"end":{"line":131,"column":35}},{"start":{"line":131,"column":39},"end":{"line":131,"column":68}}],"line":131},"15":{"loc":{"start":{"line":132,"column":44},"end":{"line":132,"column":119}},"type":"binary-expr","locations":[{"start":{"line":132,"column":44},"end":{"line":132,"column":59}},{"start":{"line":132,"column":63},"end":{"line":132,"column":119}}],"line":132},"16":{"loc":{"start":{"line":132,"column":91},"end":{"line":132,"column":118}},"type":"binary-expr","locations":[{"start":{"line":132,"column":91},"end":{"line":132,"column":96}},{"start":{"line":132,"column":100},"end":{"line":132,"column":118}}],"line":132},"17":{"loc":{"start":{"line":133,"column":24},"end":{"line":139,"column":25}},"type":"if","locations":[{"start":{"line":133,"column":24},"end":{"line":139,"column":25}},{"start":{"line":133,"column":24},"end":{"line":139,"column":25}}],"line":133},"18":{"loc":{"start":{"line":147,"column":12},"end":{"line":149,"column":13}},"type":"if","locations":[{"start":{"line":147,"column":12},"end":{"line":149,"column":13}},{"start":{"line":147,"column":12},"end":{"line":149,"column":13}}],"line":147},"19":{"loc":{"start":{"line":157,"column":16},"end":{"line":166,"column":17}},"type":"if","locations":[{"start":{"line":157,"column":16},"end":{"line":166,"column":17}},{"start":{"line":157,"column":16},"end":{"line":166,"column":17}}],"line":157},"20":{"loc":{"start":{"line":157,"column":20},"end":{"line":157,"column":66}},"type":"binary-expr","locations":[{"start":{"line":157,"column":20},"end":{"line":157,"column":21}},{"start":{"line":157,"column":26},"end":{"line":157,"column":53}},{"start":{"line":157,"column":58},"end":{"line":157,"column":66}}],"line":157},"21":{"loc":{"start":{"line":160,"column":20},"end":{"line":165,"column":21}},"type":"if","locations":[{"start":{"line":160,"column":20},"end":{"line":165,"column":21}},{"start":{"line":160,"column":20},"end":{"line":165,"column":21}}],"line":160},"22":{"loc":{"start":{"line":160,"column":24},"end":{"line":160,"column":79}},"type":"binary-expr","locations":[{"start":{"line":160,"column":24},"end":{"line":160,"column":43}},{"start":{"line":160,"column":47},"end":{"line":160,"column":79}}],"line":160},"23":{"loc":{"start":{"line":183,"column":8},"end":{"line":193,"column":9}},"type":"if","locations":[{"start":{"line":183,"column":8},"end":{"line":193,"column":9}},{"start":{"line":183,"column":8},"end":{"line":193,"column":9}}],"line":183},"24":{"loc":{"start":{"line":183,"column":12},"end":{"line":187,"column":77}},"type":"binary-expr","locations":[{"start":{"line":183,"column":12},"end":{"line":183,"column":13}},{"start":{"line":184,"column":12},"end":{"line":184,"column":39}},{"start":{"line":185,"column":12},"end":{"line":185,"column":20}},{"start":{"line":186,"column":12},"end":{"line":186,"column":42}},{"start":{"line":187,"column":13},"end":{"line":187,"column":40}},{"start":{"line":187,"column":44},"end":{"line":187,"column":76}}],"line":183},"25":{"loc":{"start":{"line":194,"column":8},"end":{"line":200,"column":9}},"type":"if","locations":[{"start":{"line":194,"column":8},"end":{"line":200,"column":9}},{"start":{"line":194,"column":8},"end":{"line":200,"column":9}}],"line":194},"26":{"loc":{"start":{"line":194,"column":12},"end":{"line":195,"column":42}},"type":"binary-expr","locations":[{"start":{"line":194,"column":12},"end":{"line":194,"column":13}},{"start":{"line":195,"column":12},"end":{"line":195,"column":42}}],"line":194},"27":{"loc":{"start":{"line":201,"column":8},"end":{"line":207,"column":9}},"type":"if","locations":[{"start":{"line":201,"column":8},"end":{"line":207,"column":9}},{"start":{"line":201,"column":8},"end":{"line":207,"column":9}}],"line":201},"28":{"loc":{"start":{"line":201,"column":12},"end":{"line":202,"column":49}},"type":"binary-expr","locations":[{"start":{"line":201,"column":12},"end":{"line":201,"column":13}},{"start":{"line":202,"column":12},"end":{"line":202,"column":49}}],"line":201},"29":{"loc":{"start":{"line":208,"column":8},"end":{"line":211,"column":9}},"type":"if","locations":[{"start":{"line":208,"column":8},"end":{"line":211,"column":9}},{"start":{"line":208,"column":8},"end":{"line":211,"column":9}}],"line":208},"30":{"loc":{"start":{"line":208,"column":12},"end":{"line":209,"column":47}},"type":"binary-expr","locations":[{"start":{"line":208,"column":12},"end":{"line":208,"column":13}},{"start":{"line":209,"column":12},"end":{"line":209,"column":47}}],"line":208},"31":{"loc":{"start":{"line":225,"column":25},"end":{"line":225,"column":83}},"type":"cond-expr","locations":[{"start":{"line":225,"column":35},"end":{"line":225,"column":66}},{"start":{"line":225,"column":69},"end":{"line":225,"column":83}}],"line":225},"32":{"loc":{"start":{"line":243,"column":4},"end":{"line":249,"column":5}},"type":"if","locations":[{"start":{"line":243,"column":4},"end":{"line":249,"column":5}},{"start":{"line":243,"column":4},"end":{"line":249,"column":5}}],"line":243},"33":{"loc":{"start":{"line":251,"column":4},"end":{"line":254,"column":5}},"type":"if","locations":[{"start":{"line":251,"column":4},"end":{"line":254,"column":5}},{"start":{"line":251,"column":4},"end":{"line":254,"column":5}}],"line":251},"34":{"loc":{"start":{"line":253,"column":41},"end":{"line":253,"column":103}},"type":"cond-expr","locations":[{"start":{"line":253,"column":72},"end":{"line":253,"column":85}},{"start":{"line":253,"column":88},"end":{"line":253,"column":103}}],"line":253}},"s":{"0":6,"1":14,"2":6,"3":3,"4":3,"5":35,"6":3,"7":3,"8":6,"9":10,"10":6,"11":10,"12":10,"13":10,"14":10,"15":10,"16":6,"17":24,"18":24,"19":10,"20":3231,"21":9,"22":3222,"23":1,"24":3221,"25":10,"26":0,"27":10,"28":10,"29":2,"30":2,"31":1,"32":0,"33":0,"34":7,"35":7,"36":1347,"37":45,"38":6,"39":39,"40":6,"41":12,"42":6,"43":1,"44":7,"45":7,"46":1,"47":0,"48":1,"49":2,"50":2,"51":1,"52":221,"53":3,"54":3,"55":0,"56":1,"57":1,"58":9,"59":1,"60":6,"61":6,"62":6,"63":1220,"64":2,"65":1218,"66":3,"67":1215,"68":1,"69":1214,"70":2,"71":1212,"72":6,"73":6,"74":6,"75":6,"76":6,"77":0,"78":6,"79":6,"80":6,"81":6,"82":6,"83":6,"84":6,"85":6,"86":6,"87":0,"88":6},"f":{"0":14,"1":3,"2":35,"3":10,"4":10,"5":24,"6":10,"7":3231,"8":2,"9":1,"10":0,"11":7,"12":1347,"13":12,"14":1,"15":2,"16":1,"17":221,"18":9,"19":1,"20":6,"21":1220,"22":6,"23":0},"b":{"0":[3,32],"1":[35,11],"2":[0],"3":[9,3222],"4":[3231,2996,51,51],"5":[1,3221],"6":[3222,2987,2,2],"7":[0,10],"8":[0],"9":[45,1302],"10":[1347,1269],"11":[6,39],"12":[45,45],"13":[6,33],"14":[39,39],"15":[6,6],"16":[12,12],"17":[1,5],"18":[0,1],"19":[3,218],"20":[221,207,3],"21":[0,3],"22":[3,3],"23":[2,1218],"24":[1220,1133,10,10,8,8],"25":[3,1215],"26":[1218,1131],"27":[1,1214],"28":[1215,1128],"29":[2,1212],"30":[1214,1127],"31":[1,5],"32":[0,6],"33":[6,0],"34":[0,6]},"_coverageSchema":"43e27e138ebf9cfc5966b082cf9a028302ed4184","hash":"f0e733970595bdef5a2cb4f0f532d74ba3a1b98c"}
}
