TN:
SF:babel.config.js
FNF:0
FNH:0
DA:1,9
DA:14,9
DA:19,9
LF:3
LH:3
BRF:0
BRH:0
end_of_record
TN:
SF:src/maineffect/index.js
FN:9,(anonymous_0)
FN:18,(anonymous_1)
FN:19,(anonymous_2)
FN:20,(anonymous_3)
FN:21,(anonymous_4)
FN:32,(anonymous_5)
FN:34,(anonymous_6)
FN:37,(anonymous_7)
FN:47,(anonymous_8)
FN:47,(anonymous_9)
FN:50,(anonymous_10)
FN:57,(anonymous_11)
FN:74,(anonymous_12)
FN:113,(anonymous_13)
FN:144,(anonymous_14)
FN:146,(anonymous_15)
FN:147,(anonymous_16)
FN:189,(anonymous_17)
FN:193,(anonymous_18)
FN:198,(anonymous_19)
FN:205,(anonymous_20)
FN:207,(anonymous_21)
FN:217,(anonymous_22)
FN:231,(anonymous_23)
FN:235,(anonymous_24)
FN:240,(anonymous_25)
FN:243,(anonymous_26)
FN:246,(anonymous_27)
FN:249,(anonymous_28)
FN:255,(anonymous_29)
FNF:30
FNH:22
FNDA:9,(anonymous_0)
FNDA:41,(anonymous_1)
FNDA:0,(anonymous_2)
FNDA:26,(anonymous_3)
FNDA:95,(anonymous_4)
FNDA:2,(anonymous_5)
FNDA:9,(anonymous_6)
FNDA:0,(anonymous_7)
FNDA:9,(anonymous_8)
FNDA:9,(anonymous_9)
FNDA:16,(anonymous_10)
FNDA:17,(anonymous_11)
FNDA:15,(anonymous_12)
FNDA:2,(anonymous_13)
FNDA:28,(anonymous_14)
FNDA:18,(anonymous_15)
FNDA:32837,(anonymous_16)
FNDA:6,(anonymous_17)
FNDA:0,(anonymous_18)
FNDA:0,(anonymous_19)
FNDA:1,(anonymous_20)
FNDA:218,(anonymous_21)
FNDA:0,(anonymous_22)
FNDA:0,(anonymous_23)
FNDA:0,(anonymous_24)
FNDA:12,(anonymous_25)
FNDA:3,(anonymous_26)
FNDA:2,(anonymous_27)
FNDA:0,(anonymous_28)
FNDA:9,(anonymous_29)
DA:9,9
DA:10,9
DA:11,9
DA:12,9
DA:14,9
DA:15,9
DA:18,41
DA:19,0
DA:21,26
DA:22,95
DA:32,9
DA:34,9
DA:35,9
DA:36,9
DA:38,0
DA:39,0
DA:40,0
DA:44,9
DA:47,9
DA:48,9
DA:51,16
DA:57,9
DA:58,17
DA:74,9
DA:75,15
DA:79,15
DA:80,15
DA:81,15
DA:83,15
DA:100,15
DA:103,15
DA:104,15
DA:105,15
DA:107,15
DA:110,15
DA:113,9
DA:114,2
DA:118,2
DA:119,2
DA:120,2
DA:122,2
DA:135,2
DA:136,2
DA:137,2
DA:141,2
DA:144,9
DA:145,28
DA:147,18
DA:149,32837
DA:152,13
DA:153,32824
DA:156,0
DA:157,32824
DA:160,2
DA:161,32822
DA:164,0
DA:165,32822
DA:168,2
DA:169,32820
DA:173,1
DA:174,32819
DA:178,0
DA:180,32819
DA:182,18
DA:183,0
DA:185,18
DA:187,18
DA:190,6
DA:191,6
DA:194,0
DA:199,0
DA:202,0
DA:203,0
DA:206,1
DA:207,1
DA:208,218
DA:209,2
DA:210,1
DA:216,1
DA:217,0
DA:218,0
DA:219,0
DA:229,1
DA:232,0
DA:233,0
DA:235,0
DA:236,0
DA:237,0
DA:241,12
DA:244,3
DA:247,2
DA:250,0
DA:255,9
DA:261,9
DA:262,9
DA:271,9
DA:273,9
DA:281,9
DA:283,9
DA:284,0
DA:285,0
DA:290,9
DA:293,9
DA:294,9
LF:104
LH:81
BRDA:11,0,0,0
BRDA:11,0,1,9
BRDA:12,1,0,0
BRDA:12,1,1,9
BRDA:38,2,0,0
BRDA:38,2,1,0
BRDA:44,3,0,9
BRDA:44,3,1,0
BRDA:74,4,0,0
BRDA:113,5,0,0
BRDA:149,6,0,13
BRDA:149,6,1,32824
BRDA:149,7,0,32837
BRDA:149,7,1,24224
BRDA:149,7,2,79
BRDA:149,7,3,79
BRDA:153,8,0,0
BRDA:153,8,1,32824
BRDA:153,9,0,32824
BRDA:153,9,1,24211
BRDA:153,9,2,0
BRDA:153,9,3,0
BRDA:157,10,0,2
BRDA:157,10,1,32822
BRDA:157,11,0,32824
BRDA:157,11,1,24211
BRDA:157,11,2,156
BRDA:157,11,3,156
BRDA:161,12,0,0
BRDA:161,12,1,32822
BRDA:161,13,0,32822
BRDA:161,13,1,24209
BRDA:161,13,2,0
BRDA:161,13,3,0
BRDA:165,14,0,2
BRDA:165,14,1,32820
BRDA:165,15,0,32822
BRDA:165,15,1,24209
BRDA:165,15,2,9
BRDA:165,15,3,9
BRDA:169,16,0,1
BRDA:169,16,1,32819
BRDA:169,17,0,32820
BRDA:169,17,1,24207
BRDA:169,17,2,3
BRDA:169,17,3,3
BRDA:169,17,4,3
BRDA:174,18,0,0
BRDA:174,18,1,32819
BRDA:174,19,0,32819
BRDA:174,19,1,24206
BRDA:174,19,2,0
BRDA:174,19,3,0
BRDA:174,19,4,0
BRDA:182,20,0,0
BRDA:182,20,1,18
BRDA:198,21,0,0
BRDA:208,22,0,2
BRDA:208,22,1,216
BRDA:208,23,0,218
BRDA:208,23,1,162
BRDA:209,24,0,1
BRDA:209,24,1,1
BRDA:209,25,0,2
BRDA:209,25,1,2
BRDA:216,26,0,0
BRDA:216,26,1,1
BRDA:216,27,0,1
BRDA:216,27,1,1
BRDA:217,28,0,0
BRDA:217,28,1,0
BRDA:217,29,0,0
BRDA:217,29,1,0
BRDA:218,30,0,0
BRDA:218,30,1,0
BRDA:232,31,0,0
BRDA:232,31,1,0
BRDA:255,32,0,5
BRDA:283,33,0,0
BRDA:283,33,1,9
BRF:80
BRH:51
end_of_record
